<?xml version="1.0" encoding="UTF-8"?>
<!-- Generated by org.testng.reporters.JUnitReportReporter -->
<testsuite skipped="0" hostname="DESKTOP-EI7764C" name="com.sel.Demotest1" tests="2" failures="0" timestamp="09 Jan 2019 10:32:27 GMT" time="0.012" errors="0">
  <testcase name="div" time="0.008" classname="com.sel.Demotest1"/>
  <testcase name="mul" time="0.004" classname="com.sel.Demotest1"/>
</testsuite> <!-- com.sel.Demotest1 -->
