<?xml version="1.0" encoding="UTF-8"?>
<!-- Generated by org.testng.reporters.JUnitReportReporter -->
<testsuite skipped="0" hostname="DESKTOP-EI7764C" name="com.sel.Mercury" tests="1" failures="0" timestamp="09 Jan 2019 10:32:27 GMT" time="18.279" errors="0">
  <testcase name="towers" time="18.279" classname="com.sel.Mercury"/>
</testsuite> <!-- com.sel.Mercury -->
