<?xml version="1.0" encoding="UTF-8"?>
<!-- Generated by org.testng.reporters.JUnitReportReporter -->
<testsuite skipped="0" hostname="DESKTOP-EI7764C" name="com.sel.Gmail" tests="1" failures="0" timestamp="09 Jan 2019 11:01:56 GMT" time="105.580" errors="0">
  <testcase name="launchGmail" time="105.580" classname="com.sel.Gmail"/>
</testsuite> <!-- com.sel.Gmail -->
