<?xml version="1.0" encoding="UTF-8"?>
<!-- Generated by org.testng.reporters.JUnitReportReporter -->
<testsuite skipped="0" hostname="DESKTOP-EI7764C" name="example.NewTest" tests="1" failures="0" timestamp="09 Jan 2019 10:32:26 GMT" time="21.106" errors="0">
  <testcase name="f" time="21.106" classname="example.NewTest"/>
</testsuite> <!-- example.NewTest -->
