<?xml version="1.0" encoding="UTF-8"?>
<!-- Generated by org.testng.reporters.JUnitReportReporter -->
<testsuite skipped="0" hostname="DESKTOP-EI7764C" name="com.sel.Demotest" tests="2" failures="0" timestamp="09 Jan 2019 10:32:27 GMT" time="0.014" errors="0">
  <testcase name="sum" time="0.011" classname="com.sel.Demotest"/>
  <testcase name="div" time="0.003" classname="com.sel.Demotest"/>
</testsuite> <!-- com.sel.Demotest -->
